This is pdfeTeX, Version 3.141592-1.21a-2.2 (Web2C 7.5.4) (format=pdflatex 2009.12.26)  26 DEC 2009 11:05
entering extended mode
**mapsrobo
(./mapsrobo.tex
LaTeX2e <2003/12/01>
Babel <v3.8d> and hyphenation patterns for american, french, german, ngerman, b
ahasa, basque, bulgarian, catalan, croatian, czech, danish, dutch, esperanto, e
stonian, finnish, greek, icelandic, irish, italian, latin, magyar, norsk, polis
h, portuges, romanian, russian, serbian, slovak, slovene, spanish, swedish, tur
kish, ukrainian, nohyphenation, loaded.
(/opt/local/share/texmf-dist/tex/latex/base/article.cls
Document Class: article 2004/02/16 v1.4f Standard LaTeX document class
(/opt/local/share/texmf-dist/tex/latex/base/size10.clo
File: size10.clo 2004/02/16 v1.4f Standard LaTeX file (size option)
)
\c@part=\count79
\c@section=\count80
\c@subsection=\count81
\c@subsubsection=\count82
\c@paragraph=\count83
\c@subparagraph=\count84
\c@figure=\count85
\c@table=\count86
\abovecaptionskip=\skip41
\belowcaptionskip=\skip42
\bibindent=\dimen102
)
(/opt/local/share/texmf-dist/tex/latex/base/inputenc.sty
Package: inputenc 2004/02/05 v1.0d Input encoding file

(/opt/local/share/texmf-dist/tex/latex/base/applemac.def
File: applemac.def 2004/02/05 v1.0d Input encoding file
))
(/opt/local/share/texmf-dist/tex/latex/base/fontenc.sty
Package: fontenc 2004/02/22 v1.99f Standard LaTeX package

(/opt/local/share/texmf-dist/tex/latex/base/t1enc.def
File: t1enc.def 2004/02/22 v1.99f Standard LaTeX file
LaTeX Font Info:    Redeclaring font encoding T1 on input line 43.
))
(/opt/local/share/texmf-dist/tex/latex/base/fontenc.sty
Package: fontenc 2004/02/22 v1.99f Standard LaTeX package

(/opt/local/share/texmf-dist/tex/latex/psnfssx/ly1enc.def
File: ly1enc.def 1999/05/21 v0.6 TeX 'n ANSI encoding (DPC)
)
LaTeX Font Info:    Try loading font information for LY1+ptm on input line 100.


(/opt/local/share/texmf-dist/tex/latex/psnfssx/ly1ptm.fd
File: ly1ptm.fd 2001/02/01 font definitions for LY1/ptm using Berry names.
))
(/opt/local/share/texmf-dist/tex/latex/amsfonts/amssymb.sty
Package: amssymb 2002/01/22 v2.2d

(/opt/local/share/texmf-dist/tex/latex/amsfonts/amsfonts.sty
Package: amsfonts 2001/10/25 v2.2f
\@emptytoks=\toks14
\symAMSa=\mathgroup4
\symAMSb=\mathgroup5
LaTeX Font Info:    Overwriting math alphabet `\mathfrak' in version `bold'
(Font)                  U/euf/m/n --> U/euf/b/n on input line 132.
))
(/opt/local/share/texmf-dist/tex/latex/subfigure/subfigure.sty
Package: subfigure 2002/07/30 v2.1.4 subfigure package
\subfigtopskip=\skip43
\subfigcapskip=\skip44
\subfigcaptopadj=\dimen103
\subfigbottomskip=\skip45
\subfigcapmargin=\dimen104
\subfiglabelskip=\skip46
\c@subfigure=\count87
\c@lofdepth=\count88
\c@subtable=\count89
\c@lotdepth=\count90

****************************************
* Local config file subfigure.cfg used *
****************************************
(/opt/local/share/texmf-dist/tex/latex/subfigure/subfigure.cfg)
\subfig@top=\skip47
\subfig@bottom=\skip48
)
(/opt/local/share/texmf-dist/tex/latex/geometry/geometry.sty
Package: geometry 2002/07/08 v3.2 Page Geometry

(/opt/local/share/texmf-dist/tex/latex/graphics/keyval.sty
Package: keyval 1999/03/16 v1.13 key=value parser (DPC)
\KV@toks@=\toks15
)
\Gm@cnth=\count91
\Gm@cntv=\count92
\c@Gm@tempcnt=\count93
\Gm@bindingoffset=\dimen105
\Gm@wd@mp=\dimen106
\Gm@odd@mp=\dimen107
\Gm@even@mp=\dimen108
\Gm@dimlist=\toks16

(/opt/local/share/texmf-dist/tex/latex/geometry/geometry.cfg))
(/opt/local/share/texmf-dist/tex/latex/url/url.sty
\Urlmuskip=\muskip10
Package: url 2004/03/15  ver 3.1  Verb mode for urls, etc.
) (./mapsrobo.aux)
\openout1 = `mapsrobo.aux'.

LaTeX Font Info:    Checking defaults for OML/cmm/m/it on input line 10.
LaTeX Font Info:    ... okay on input line 10.
LaTeX Font Info:    Checking defaults for T1/cmr/m/n on input line 10.
LaTeX Font Info:    ... okay on input line 10.
LaTeX Font Info:    Checking defaults for OT1/cmr/m/n on input line 10.
LaTeX Font Info:    ... okay on input line 10.
LaTeX Font Info:    Checking defaults for OMS/cmsy/m/n on input line 10.
LaTeX Font Info:    ... okay on input line 10.
LaTeX Font Info:    Checking defaults for OMX/cmex/m/n on input line 10.
LaTeX Font Info:    ... okay on input line 10.
LaTeX Font Info:    Checking defaults for U/cmr/m/n on input line 10.
LaTeX Font Info:    ... okay on input line 10.
LaTeX Font Info:    Checking defaults for LY1/ptm/m/n on input line 10.
LaTeX Font Info:    ... okay on input line 10.
LaTeX Font Info:    Try loading font information for LY1+cmr on input line 10.
LaTeX Font Info:    No file LY1cmr.fd. on input line 10.


LaTeX Font Warning: Font shape `LY1/cmr/m/n' undefined
(Font)              using `LY1/ptm/m/n' instead on input line 10.

-------------------- Geometry parameters
paper: class default
landscape: --
twocolumn: --
twoside: --
asymmetric: --
h-parts: 57.0928pt, 500.10939pt, 57.0928pt
v-parts: 57.0928pt, 680.78438pt, 57.0928pt
hmarginratio: --
vmarginratio: --
lines: --
heightrounded: --
bindingoffset: 0.0pt
truedimen: --
includehead: --
includefoot: --
includemp: --
driver: pdftex
-------------------- Page layout dimensions and switches
\paperwidth  614.295pt
\paperheight 794.96999pt
\textwidth  500.10939pt
\textheight 680.78438pt
\oddsidemargin  -15.17719pt
\evensidemargin -15.17719pt
\topmargin  -52.17719pt
\headheight 12.0pt
\headsep    25.0pt
\footskip   30.0pt
\marginparwidth 65.0pt
\marginparsep   11.0pt
\columnsep  10.0pt
\skip\footins  9.0pt plus 4.0pt minus 2.0pt
\hoffset 0.0pt
\voffset 0.0pt
\mag 1000

(1in=72.27pt, 1cm=28.45pt)
-----------------------

LaTeX Font Warning: Font shape `LY1/cmr/bx/n' undefined
(Font)              using `LY1/cmr/m/n' instead on input line 12.


LaTeX Warning: Citation `cheen_maps_2007' on page 1 undefined on input line 13.



LaTeX Warning: Citation `dissanayake_solution_2001' on page 1 undefined on inpu
t line 13.


LaTeX Warning: Citation `philips2007adaptive' on page 1 undefined on input line
 15.


LaTeX Warning: Citation `vanacker_context_based_2007' on page 1 undefined on in
put line 17.


LaTeX Warning: Citation `tanaka_electroencephalogram-based_2005' on page 1 unde
fined on input line 17.


LaTeX Warning: Citation `leeb_self-pacedasynchronous_2007' on page 1 undefined 
on input line 17.


LaTeX Warning: Citation `cheen_maps_2007' on page 1 undefined on input line 17.



LaTeX Warning: Citation `philips2007adaptive' on page 1 undefined on input line
 17.


LaTeX Warning: Citation `levine_navchair_1999' on page 1 undefined on input lin
e 17.


LaTeX Warning: Citation `philips2007adaptive' on page 1 undefined on input line
 17.


LaTeX Warning: Citation `philips2007adaptive' on page 1 undefined on input line
 17.


LaTeX Warning: Citation `philips2007adaptive' on page 1 undefined on input line
 17.


LaTeX Warning: Citation `levine_navchair_1999' on page 1 undefined on input lin
e 24.


LaTeX Warning: Citation `levine_navchair_1999' on page 1 undefined on input lin
e 24.


LaTeX Warning: Citation `levine_navchair_1999' on page 1 undefined on input lin
e 24.


LaTeX Warning: Citation `levine_navchair_1999' on page 1 undefined on input lin
e 24.


LaTeX Warning: Citation `levine_navchair_1999' on page 1 undefined on input lin
e 24.


LaTeX Warning: Citation `levine_navchair_1999' on page 1 undefined on input lin
e 24.


LaTeX Warning: Citation `levine_navchair_1999' on page 1 undefined on input lin
e 24.


LaTeX Warning: Citation `philips2007adaptive' on page 1 undefined on input line
 24.


LaTeX Warning: Citation `1' on page 1 undefined on input line 33.


LaTeX Warning: Citation `1' on page 1 undefined on input line 36.


LaTeX Warning: Citation `1' on page 1 undefined on input line 38.


LaTeX Warning: Citation `1' on page 1 undefined on input line 39.


LaTeX Warning: Citation `lotte_review_2007' on page 1 undefined on input line 4
7.


LaTeX Warning: Citation `lotte_review_2007' on page 1 undefined on input line 4
8.


LaTeX Warning: Citation `guger_design_1999' on page 1 undefined on input line 5
3.


LaTeX Warning: Citation `millan_non-invasive_2003' on page 1 undefined on input
 line 53.


LaTeX Warning: Citation `russell_artificial_2002' on page 1 undefined on input 
line 57.


LaTeX Warning: Citation `russell_artificial_2002' on page 1 undefined on input 
line 57.


LaTeX Warning: Citation `russell_artificial_2002' on page 1 undefined on input 
line 57.


LaTeX Warning: Citation `russell_artificial_2002' on page 1 undefined on input 
line 57.

[1

{/opt/local/share/texmf-var/fonts/map/pdftex/updmap/pdftex.map}]

LaTeX Warning: Citation `russell_artificial_2002' on page 2 undefined on input 
line 61.


LaTeX Warning: Citation `russell_artificial_2002' on page 2 undefined on input 
line 61.


LaTeX Warning: Citation `russell_artificial_2002' on page 2 undefined on input 
line 61.


LaTeX Warning: Citation `montemerlo_fastslam_2003' on page 2 undefined on input
 line 65.


LaTeX Warning: Citation `dissanayake_solution_2001' on page 2 undefined on inpu
t line 65.


LaTeX Warning: Citation `dissanayake_solution_2001' on page 2 undefined on inpu
t line 65.


LaTeX Warning: Citation `cheen_maps_2007' on page 2 undefined on input line 69.



LaTeX Warning: Citation `slam for domestic' on page 2 undefined on input line 6
9.


LaTeX Warning: Citation `cheen_maps_2007' on page 2 undefined on input line 69.



LaTeX Warning: Citation `cheen_maps_2007' on page 2 undefined on input line 69.



LaTeX Warning: Citation `cheen_maps_2007' on page 2 undefined on input line 69.



LaTeX Warning: Citation `cheen_maps_2007' on page 2 undefined on input line 70.



LaTeX Warning: Citation `cheen_maps_2007' on page 2 undefined on input line 70.



LaTeX Warning: Citation `cheen_maps_2007' on page 2 undefined on input line 74.



LaTeX Warning: Citation `cheen_maps_2007' on page 2 undefined on input line 75.



LaTeX Warning: Citation `montemerlo_fastslam_2003' on page 2 undefined on input
 line 75.


LaTeX Warning: Citation `montemerlo_fastslam_2003' on page 2 undefined on input
 line 75.

[2]

LaTeX Warning: Citation `montemerlo_fastslam_2003' on page 3 undefined on input
 line 84.

(./mapsrobo.bbl) [3] (./mapsrobo.aux)

LaTeX Font Warning: Some font shapes were not available, defaults substituted.


LaTeX Warning: There were undefined references.

 ) 
Here is how much of TeX's memory you used:
 1533 strings out of 94500
 18513 string characters out of 1174972
 63852 words of memory out of 1000000
 4732 multiletter control sequences out of 10000+50000
 7655 words of font info for 18 fonts, out of 500000 for 2000
 580 hyphenation exceptions out of 1000
 24i,4n,32p,1692b,115s stack positions out of 1500i,500n,5000p,200000b,5000s
PDF statistics:
 13 PDF objects out of 300000
 0 named destinations out of 131072
 1 words of extra memory for PDF output out of 65536
{/opt/local/share/texmf-dist/fonts/enc/dvips/psnfssx/texnansi.enc}</opt/local
/share/texmf-dist/fonts/type1/urw/times/utmr8a.pfb>
Output written on mapsrobo.pdf (3 pages, 31261 bytes).
