This is pdfTeXk, Version 3.141592-1.40.3 (Web2C 7.5.6) (format=pdflatex 2007.5.18)  22 DEC 2009 13:12
entering extended mode
 %&-line parsing enabled.
**thesis
(./thesis.tex
LaTeX2e <2005/12/01>
Babel <v3.8h> and hyphenation patterns for english, usenglishmax, dumylang, noh
yphenation, arabic, basque, bulgarian, coptic, welsh, czech, slovak, german, ng
erman, danish, esperanto, spanish, catalan, galician, estonian, farsi, finnish,
 french, greek, monogreek, ancientgreek, croatian, hungarian, interlingua, ibyc
us, indonesian, icelandic, italian, latin, mongolian, dutch, norsk, polish, por
tuguese, pinyin, romanian, russian, slovenian, uppersorbian, serbian, swedish, 
turkish, ukenglish, ukrainian, loaded.
(/usr/local/texlive/2007/texmf-dist/tex/latex/base/article.cls
Document Class: article 2005/09/16 v1.4f Standard LaTeX document class
(/usr/local/texlive/2007/texmf-dist/tex/latex/base/size12.clo
File: size12.clo 2005/09/16 v1.4f Standard LaTeX file (size option)
)
\c@part=\count79
\c@section=\count80
\c@subsection=\count81
\c@subsubsection=\count82
\c@paragraph=\count83
\c@subparagraph=\count84
\c@figure=\count85
\c@table=\count86
\abovecaptionskip=\skip41
\belowcaptionskip=\skip42
\bibindent=\dimen102
)
(/usr/local/texlive/2007/texmf-dist/tex/latex/base/inputenc.sty
Package: inputenc 2006/05/05 v1.1b Input encoding file
\inpenc@prehook=\toks14
\inpenc@posthook=\toks15

(/usr/local/texlive/2007/texmf-dist/tex/latex/base/applemac.def
File: applemac.def 2006/05/05 v1.1b Input encoding file
))
(/usr/local/texlive/2007/texmf-dist/tex/latex/amsmath/amsmath.sty
Package: amsmath 2000/07/18 v2.13 AMS math features
\@mathmargin=\skip43

For additional information on amsmath, use the `?' option.
(/usr/local/texlive/2007/texmf-dist/tex/latex/amsmath/amstext.sty
Package: amstext 2000/06/29 v2.01

(/usr/local/texlive/2007/texmf-dist/tex/latex/amsmath/amsgen.sty
File: amsgen.sty 1999/11/30 v2.0
\@emptytoks=\toks16
\ex@=\dimen103
))
(/usr/local/texlive/2007/texmf-dist/tex/latex/amsmath/amsbsy.sty
Package: amsbsy 1999/11/29 v1.2d
\pmbraise@=\dimen104
)
(/usr/local/texlive/2007/texmf-dist/tex/latex/amsmath/amsopn.sty
Package: amsopn 1999/12/14 v2.01 operator names
)
\inf@bad=\count87
LaTeX Info: Redefining \frac on input line 211.
\uproot@=\count88
\leftroot@=\count89
LaTeX Info: Redefining \overline on input line 307.
\classnum@=\count90
\DOTSCASE@=\count91
LaTeX Info: Redefining \ldots on input line 379.
LaTeX Info: Redefining \dots on input line 382.
LaTeX Info: Redefining \cdots on input line 467.
\Mathstrutbox@=\box26
\strutbox@=\box27
\big@size=\dimen105
LaTeX Font Info:    Redeclaring font encoding OML on input line 567.
LaTeX Font Info:    Redeclaring font encoding OMS on input line 568.
\macc@depth=\count92
\c@MaxMatrixCols=\count93
\dotsspace@=\muskip10
\c@parentequation=\count94
\dspbrk@lvl=\count95
\tag@help=\toks17
\row@=\count96
\column@=\count97
\maxfields@=\count98
\andhelp@=\toks18
\eqnshift@=\dimen106
\alignsep@=\dimen107
\tagshift@=\dimen108
\tagwidth@=\dimen109
\totwidth@=\dimen110
\lineht@=\dimen111
\@envbody=\toks19
\multlinegap=\skip44
\multlinetaggap=\skip45
\mathdisplay@stack=\toks20
LaTeX Info: Redefining \[ on input line 2666.
LaTeX Info: Redefining \] on input line 2667.
)
(/usr/local/texlive/2007/texmf-dist/tex/latex/amsfonts/amssymb.sty
Package: amssymb 2002/01/22 v2.2d

(/usr/local/texlive/2007/texmf-dist/tex/latex/amsfonts/amsfonts.sty
Package: amsfonts 2001/10/25 v2.2f
\symAMSa=\mathgroup4
\symAMSb=\mathgroup5
LaTeX Font Info:    Overwriting math alphabet `\mathfrak' in version `bold'
(Font)                  U/euf/m/n --> U/euf/b/n on input line 132.
))
(/usr/local/texlive/2007/texmf-dist/tex/latex/graphics/graphicx.sty
Package: graphicx 1999/02/16 v1.0f Enhanced LaTeX Graphics (DPC,SPQR)

(/usr/local/texlive/2007/texmf-dist/tex/latex/graphics/keyval.sty
Package: keyval 1999/03/16 v1.13 key=value parser (DPC)
\KV@toks@=\toks21
)
(/usr/local/texlive/2007/texmf-dist/tex/latex/graphics/graphics.sty
Package: graphics 2006/02/20 v1.0o Standard LaTeX Graphics (DPC,SPQR)

(/usr/local/texlive/2007/texmf-dist/tex/latex/graphics/trig.sty
Package: trig 1999/03/16 v1.09 sin cos tan (DPC)
)
(/usr/local/texlive/2007/texmf/tex/latex/config/graphics.cfg
File: graphics.cfg 2007/01/18 v1.5 graphics configuration of teTeX/TeXLive
)
Package graphics Info: Driver file: pdftex.def on input line 90.

(/usr/local/texlive/2007/texmf-dist/tex/latex/pdftex-def/pdftex.def
File: pdftex.def 2007/01/08 v0.04d Graphics/color for pdfTeX
\Gread@gobject=\count99
))
\Gin@req@height=\dimen112
\Gin@req@width=\dimen113
)
(/usr/local/texlive/2007/texmf-dist/tex/latex/subfigure/subfigure.sty
Package: subfigure 2002/03/15 v2.1.5 subfigure package
\subfigtopskip=\skip46
\subfigcapskip=\skip47
\subfigcaptopadj=\dimen114
\subfigbottomskip=\skip48
\subfigcapmargin=\dimen115
\subfiglabelskip=\skip49
\c@subfigure=\count100
\c@lofdepth=\count101
\c@subtable=\count102
\c@lotdepth=\count103

****************************************
* Local config file subfigure.cfg used *
****************************************
(/usr/local/texlive/2007/texmf-dist/tex/latex/subfigure/subfigure.cfg)
\subfig@top=\skip50
\subfig@bottom=\skip51
)
(/usr/local/texlive/2007/texmf-dist/tex/latex/multirow/multirow.sty
\bigstrutjot=\dimen116
)
(/usr/local/texlive/2007/texmf-dist/tex/latex/geometry/geometry.sty
Package: geometry 2002/07/08 v3.2 Page Geometry
\Gm@cnth=\count104
\Gm@cntv=\count105
\c@Gm@tempcnt=\count106
\Gm@bindingoffset=\dimen117
\Gm@wd@mp=\dimen118
\Gm@odd@mp=\dimen119
\Gm@even@mp=\dimen120
\Gm@dimlist=\toks22

(/usr/local/texlive/2007/texmf-dist/tex/xelatex/xetexconfig/geometry.cfg))
(/usr/local/texlive/2007/texmf-dist/tex/latex/caption/caption.sty
Package: caption 2007/01/07 v3.0k Customising captions (AR)

(/usr/local/texlive/2007/texmf-dist/tex/latex/caption/caption3.sty
Package: caption3 2007/01/07 v3.0k caption3 kernel (AR)
\captionmargin=\dimen121
\captionmarginx=\dimen122
\captionwidth=\dimen123
\captionindent=\dimen124
\captionparindent=\dimen125
\captionhangindent=\dimen126
))
(/usr/local/texlive/2007/texmf-dist/tex/latex/ltxmisc/url.sty
\Urlmuskip=\muskip11
Package: url 2005/06/27  ver 3.2  Verb mode for urls, etc.
) (./thesis.aux)
\openout1 = `thesis.aux'.

LaTeX Font Info:    Checking defaults for OML/cmm/m/it on input line 12.
LaTeX Font Info:    ... okay on input line 12.
LaTeX Font Info:    Checking defaults for T1/cmr/m/n on input line 12.
LaTeX Font Info:    ... okay on input line 12.
LaTeX Font Info:    Checking defaults for OT1/cmr/m/n on input line 12.
LaTeX Font Info:    ... okay on input line 12.
LaTeX Font Info:    Checking defaults for OMS/cmsy/m/n on input line 12.
LaTeX Font Info:    ... okay on input line 12.
LaTeX Font Info:    Checking defaults for OMX/cmex/m/n on input line 12.
LaTeX Font Info:    ... okay on input line 12.
LaTeX Font Info:    Checking defaults for U/cmr/m/n on input line 12.
LaTeX Font Info:    ... okay on input line 12.

(/usr/local/texlive/2007/texmf-dist/tex/context/base/supp-pdf.tex
[Loading MPS to PDF converter (version 2006.09.02).]
\scratchcounter=\count107
\scratchdimen=\dimen127
\scratchbox=\box28
\nofMPsegments=\count108
\nofMParguments=\count109
\MPscratchCnt=\count110
\MPscratchDim=\dimen128
\MPnumerator=\count111
\everyMPtoPDFconversion=\toks23
)
-------------------- Geometry parameters
paper: class default
landscape: --
twocolumn: --
twoside: --
asymmetric: --
h-parts: 57.0928pt, 500.10939pt, 57.0928pt
v-parts: 57.0928pt, 680.78438pt, 57.0928pt
hmarginratio: --
vmarginratio: --
lines: --
heightrounded: --
bindingoffset: 0.0pt
truedimen: --
includehead: --
includefoot: --
includemp: --
driver: pdftex
-------------------- Page layout dimensions and switches
\paperwidth  614.295pt
\paperheight 794.96999pt
\textwidth  500.10939pt
\textheight 680.78438pt
\oddsidemargin  -15.17719pt
\evensidemargin -15.17719pt
\topmargin  -52.17719pt
\headheight 12.0pt
\headsep    25.0pt
\footskip   30.0pt
\marginparwidth 44.0pt
\marginparsep   10.0pt
\columnsep  10.0pt
\skip\footins  10.8pt plus 4.0pt minus 2.0pt
\hoffset 0.0pt
\voffset 0.0pt
\mag 1000

(1in=72.27pt, 1cm=28.45pt)
-----------------------
 (/usr/local/texlive/2007/texmf-dist/tex/latex/ragged2e/ragged2e.sty
Package: ragged2e 2003/03/25 v2.04 ragged2e Package (MS)

(/usr/local/texlive/2007/texmf-dist/tex/latex/everysel/everysel.sty
Package: everysel 1999/06/08 v1.03 EverySelectfont Package (MS)
LaTeX Info: Redefining \selectfont on input line 125.
)
\CenteringLeftskip=\skip52
\RaggedLeftLeftskip=\skip53
\RaggedRightLeftskip=\skip54
\CenteringRightskip=\skip55
\RaggedLeftRightskip=\skip56
\RaggedRightRightskip=\skip57
\CenteringParfillskip=\skip58
\RaggedLeftParfillskip=\skip59
\RaggedRightParfillskip=\skip60
\JustifyingParfillskip=\skip61
\CenteringParindent=\skip62
\RaggedLeftParindent=\skip63
\RaggedRightParindent=\skip64
\JustifyingParindent=\skip65
)
LaTeX Font Info:    Try loading font information for U+msa on input line 16.

(/usr/local/texlive/2007/texmf-dist/tex/latex/amsfonts/umsa.fd
File: umsa.fd 2002/01/19 v2.2g AMS font definitions
)
LaTeX Font Info:    Try loading font information for U+msb on input line 16.

(/usr/local/texlive/2007/texmf-dist/tex/latex/amsfonts/umsb.fd
File: umsb.fd 2002/01/19 v2.2g AMS font definitions
) [1

{/usr/local/texlive/2007/texmf-var/fonts/map/pdftex/updmap/pdftex.map}] [1] [1]

<Figure1.jpg, id=16, 561.0561pt x 480.5955pt>
File: Figure1.jpg Graphic file (type jpg)
 <use Figure1.jpg> [2 <./Figure1.jpg>] <Figure2.jpeg, id=20, 477.785pt x 477.78
5pt>
File: Figure2.jpeg Graphic file (type jpg)
 <use Figure2.jpeg> [3]
<figure3.jpeg, id=25, 4846.105pt x 1265.72874pt>
File: figure3.jpeg Graphic file (type jpg)
 <use figure3.jpeg> [4 <./Figure2.jpeg>] <figure4.jpeg, id=29, 786.94pt x 726.7
15pt>
File: figure4.jpeg Graphic file (type jpg)
 <use figure4.jpeg>
[5 <./figure3.jpeg>] <fig4.png, id=34, 403.5075pt x 432.61626pt>
File: fig4.png Graphic file (type png)

<use fig4.png> <fig5.png, id=35, 403.5075pt x 432.61626pt>
File: fig5.png Graphic file (type png)
 <use fig5.png>
<fig6.png, id=36, 403.5075pt x 432.61626pt>
File: fig6.png Graphic file (type png)
 <use fig6.png>
<fig7.png, id=37, 403.5075pt x 432.61626pt>
File: fig7.png Graphic file (type png)
 <use fig7.png> [6 <./figure4.jpeg>] [7 <./fig4.png> <./fig5.png> <./fig6.png> 
<./fig7.png>]
<fig8.png, id=53, 1214.5375pt x 668.4975pt>
File: fig8.png Graphic file (type png)
 <use fig8.png>
<fig9.png, id=54, 1214.5375pt x 668.4975pt>
File: fig9.png Graphic file (type png)
 <use fig9.png>
<binA.png, id=55, 1214.5375pt x 668.4975pt>
File: binA.png Graphic file (type png)
 <use binA.png>
<fig10.png, id=56, 1214.5375pt x 668.4975pt>
File: fig10.png Graphic file (type png)
 <use fig10.png> [8] [9 <./fig8.png> <./fig9.png> <./binA.png> <./fig10.png>]
<fig11.jpg, id=67, 327.1422pt x 586.1097pt>
File: fig11.jpg Graphic file (type jpg)
 <use fig11.jpg> [10]
<WeightComp_80.jpg, id=71, 562.1pt x 421.575pt>
File: WeightComp_80.jpg Graphic file (type jpg)
 <use WeightComp_80.jpg>
<WeightComp_90.jpg, id=72, 562.1pt x 421.575pt>
File: WeightComp_90.jpg Graphic file (type jpg)
 <use WeightComp_90.jpg>
[11 <./fig11.jpg>] <AutoProjTime_70.jpg, id=77, 562.1pt x 421.575pt>
File: AutoProjTime_70.jpg Graphic file (type jpg)

<use AutoProjTime_70.jpg> <AutoProjTime_75.jpg, id=78, 562.1pt x 421.575pt>
File: AutoProjTime_75.jpg Graphic file (type jpg)

<use AutoProjTime_75.jpg> <AutoProjTime_80.jpg, id=79, 562.1pt x 421.575pt>
File: AutoProjTime_80.jpg Graphic file (type jpg)

<use AutoProjTime_80.jpg> <AutoProjTime_85.jpg, id=80, 562.1pt x 421.575pt>
File: AutoProjTime_85.jpg Graphic file (type jpg)

<use AutoProjTime_85.jpg> <AutoProjTime_90.jpg, id=81, 562.1pt x 421.575pt>
File: AutoProjTime_90.jpg Graphic file (type jpg)

<use AutoProjTime_90.jpg> <ProjTypeSpeedComp.jpg, id=82, 562.1pt x 421.575pt>
File: ProjTypeSpeedComp.jpg Graphic file (type jpg)

<use ProjTypeSpeedComp.jpg> [12 <./WeightComp_80.jpg> <./WeightComp_90.jpg>]
[13 <./AutoProjTime_70.jpg> <./AutoProjTime_75.jpg> <./AutoProjTime_80.jpg> <./
AutoProjTime_85.jpg> <./AutoProjTime_90.jpg>] [14 <./ProjTypeSpeedComp.jpg>]
<fig12.jpg, id=92, 251.4996pt x 235.6002pt>
File: fig12.jpg Graphic file (type jpg)
 <use fig12.jpg> [15] [16 <./fig12.jpg>] (./thesis.bbl [17] [18]
Underfull \hbox (badness 10000) in paragraph at lines 136--142
[]\OT1/cmr/m/n/12 ``url.ppt'',  $\OT1/cmtt/m/n/12 http : / / www . google . com
 / url ? sa = t&source = web&ct = res&cd =
 []


Underfull \hbox (badness 10000) in paragraph at lines 136--142
\OT1/cmtt/m/n/12 1&ved = 0CAsQFjAA&url = http % 3A % 2F % 2Fhumanities . uchica
go . edu % 2Ffaculty %
 []


Underfull \hbox (badness 10000) in paragraph at lines 136--142
\OT1/cmtt/m/n/12 2Fgoldsmith % 2FIndustrial % 2FNgrams . ppt&ei = wPkuS879NYP8t
AO-[]04TEBA&usg =
 []

[19]) [20] (./thesis.aux) ) 
Here is how much of TeX's memory you used:
 3030 strings out of 94073
 42190 string characters out of 1162984
 95381 words of memory out of 1500000
 6256 multiletter control sequences out of 10000+50000
 12928 words of font info for 50 fonts, out of 1200000 for 2000
 645 hyphenation exceptions out of 8191
 35i,11n,38p,884b,275s stack positions out of 5000i,500n,6000p,200000b,5000s
</usr/local/texlive/2007/texmf-dist/fonts/type1/blue
sky/cm/cmbx12.pfb></usr/local/texlive/2007/texmf-dist/fonts/type1/bluesky/cm/cm
ex10.pfb></usr/local/texlive/2007/texmf-dist/fonts/type1/bluesky/cm/cmmi12.pfb>
</usr/local/texlive/2007/texmf-dist/fonts/type1/bluesky/cm/cmmi8.pfb></usr/loca
l/texlive/2007/texmf-dist/fonts/type1/bluesky/cm/cmr10.pfb></usr/local/texlive/
2007/texmf-dist/fonts/type1/bluesky/cm/cmr12.pfb></usr/local/texlive/2007/texmf
-dist/fonts/type1/bluesky/cm/cmr17.pfb></usr/local/texlive/2007/texmf-dist/font
s/type1/bluesky/cm/cmr8.pfb></usr/local/texlive/2007/texmf-dist/fonts/type1/blu
esky/cm/cmsy10.pfb></usr/local/texlive/2007/texmf-dist/fonts/type1/bluesky/cm/c
msy8.pfb></usr/local/texlive/2007/texmf-dist/fonts/type1/bluesky/cm/cmti12.pfb>
</usr/local/texlive/2007/texmf-dist/fonts/type1/bluesky/cm/cmtt12.pfb>
Output written on thesis.pdf (22 pages, 2210003 bytes).
PDF statistics:
 151 PDF objects out of 1000 (max. 8388607)
 0 named destinations out of 1000 (max. 131072)
 111 words of extra memory for PDF output out of 10000 (max. 10000000)

